[INFO ]2025-02-24 23:39:28.905[main]utilities.Constants1)-Admin is logged in
[INFO ]2025-02-24 23:39:33.865[main]utilities.Constants1)-Admin is logged in
[INFO ]2025-02-24 23:39:52.409[main]utilities.Constants1)-Admin is logged in
[INFO ]2025-02-24 23:39:56.734[main]utilities.Constants1)-Admin is logged in
[INFO ]2025-02-24 23:40:00.991[main]utilities.Constants1)-Admin is logged in
[INFO ]2025-02-24 23:40:26.085[main]utilities.Constants1)-Admin is on the home page
[INFO ]2025-02-24 23:40:27.255[main]utilities.Constants1)-Admin clicks program on the navigation bar
[INFO ]2025-02-24 23:40:27.256[main]utilities.Constants1)-Admin should navigate to the program page
[INFO ]2025-02-24 23:40:27.530[main]utilities.Constants1)-Admin is logged in
[INFO ]2025-02-24 23:40:38.833[main]utilities.Constants1)-Admin is on the home page
[INFO ]2025-02-24 23:40:39.944[main]utilities.Constants1)-Admin clicks program on the navigation bar
[INFO ]2025-02-24 23:40:40.276[main]utilities.Constants1)-Admin is able to view the Logout in menu bar
[INFO ]2025-02-24 23:40:40.326[main]utilities.Constants1)-Admin is on Home Page
[INFO ]2025-02-24 23:40:41.408[main]utilities.Constants1)-Admin clicks program on the navigation bar
[INFO ]2025-02-24 23:40:41.441[main]utilities.Constants1)-Admin is able to view the LMS - Learning Management System in menu bar
[INFO ]2025-02-24 23:40:41.663[main]utilities.Constants1)-Admin is on program page
[INFO ]2025-02-24 23:40:42.750[main]utilities.Constants1)-Admin clicking program
[INFO ]2025-02-24 23:40:42.791[main]utilities.Constants1)-Admin is able to see Add New Program
[INFO ]2025-02-24 23:40:42.827[main]utilities.Constants1)-Admin is on the home page
[INFO ]2025-02-24 23:40:45.086[main]utilities.Constants1)-Admin should see all heading names
[INFO ]2025-02-24 23:40:45.137[main]utilities.Constants1)-Admin should see the Delete Button
[INFO ]2025-02-24 23:40:45.187[main]utilities.Constants1)-Admin should see search bar
[INFO ]2025-02-24 23:40:45.257[main]utilities.Constants1)-Admin should see checkbox
[INFO ]2025-02-24 23:40:45.375[main]utilities.Constants1)-Admin should see the Edit and Delete button
[INFO ]2025-02-24 23:40:45.646[main]utilities.Constants1)-Admin should see the pagination text
[INFO ]2025-02-24 23:40:45.702[main]utilities.Constants1)-Admin should see the footer text
[INFO ]2025-02-24 23:40:45.738[main]utilities.Constants1)-Admin is on the Program page
[INFO ]2025-02-24 23:40:46.823[main]utilities.Constants1)-Admin clicks program on the navigation bar
[INFO ]2025-02-24 23:40:46.867[main]utilities.Constants1)-Admin is able to see Add New Program
[INFO ]2025-02-24 23:40:46.893[main]utilities.Constants1)-Admin is on the Program page
[INFO ]2025-02-24 23:40:47.041[main]utilities.Constants1)-Admin clicks Program details
[INFO ]2025-02-24 23:40:47.042[main]utilities.Constants1)-Admin is seeing pop up window
[INFO ]2025-02-24 23:40:47.109[main]utilities.Constants1)-Admin is seeing program details window
[INFO ]2025-02-24 23:40:47.178[main]utilities.Constants1)-Admin is seeing asterisk mark  beside mandatory field  
[INFO ]2025-02-24 23:40:47.343[main]utilities.Constants1)-Admin is clicking save Button 
[INFO ]2025-02-24 23:40:47.385[main]utilities.Constants1)-Admin should see Required field 
[INFO ]2025-02-24 23:40:47.508[main]utilities.Constants1)-Admin is clicking on the cancel button 
[INFO ]2025-02-24 23:40:47.509[main]utilities.Constants1)-Admin is seeing program details disappers 
[INFO ]2025-02-24 23:40:48.823[main]utilities.Constants1)-Admin is in program details form  
[INFO ]2025-02-24 23:40:52.378[main]utilities.Constants1)-Admin is entering the name and description in text box 
[INFO ]2025-02-24 23:40:52.379[main]utilities.Constants1)-Admin should see the entered Text  
[INFO ]2025-02-24 23:40:53.511[main]utilities.Constants1)-Admin is selecting the radio button
[INFO ]2025-02-24 23:40:53.512[main]utilities.Constants1)-Admin is seeing the Active Selected
[INFO ]2025-02-24 23:40:53.606[main]utilities.Constants1)-Admin is saving the program
[INFO ]2025-02-24 23:40:53.634[main]utilities.Constants1)-Admin should see Required field 
[INFO ]2025-02-24 23:40:53.736[main]utilities.Constants1)-Admin is Clicking on the cancel
[INFO ]2025-02-24 23:40:54.748[main]utilities.Constants1)-Admin is seeing the program details disappear
[INFO ]2025-02-24 23:40:54.780[main]utilities.Constants1)-Admin is on the Program page
[INFO ]2025-02-24 23:40:54.949[main]utilities.Constants1)-Admin searches program name created
[INFO ]2025-02-24 23:40:54.951[main]utilities.Constants1)-Admin should see the program created
[INFO ]2025-02-24 23:40:56.284[main]utilities.Constants1)-Admin is on the program details form
[INFO ]2025-02-24 23:40:56.446[main]utilities.Constants1)-Admin click on xbutton
[INFO ]2025-02-24 23:40:57.464[main]utilities.Constants1)-Admin is seeing the program details disappear
[INFO ]2025-02-24 23:41:01.161[main]utilities.Constants1)-Admin lands on Program Details Popup
[INFO ]2025-02-24 23:41:04.822[main]utilities.Constants1)-Admin should see window titleProgram Details
[INFO ]2025-02-24 23:41:10.724[main]utilities.Constants1)-Updated Programname Successfully
[INFO ]2025-02-24 23:41:16.606[main]utilities.Constants1)-Updated Program Description Successfully
[INFO ]2025-02-24 23:41:20.426[main]utilities.Constants1)-Status updated Successfully
[INFO ]2025-02-24 23:41:28.024[main]utilities.Constants1)-Admin can see the program details popup disappears
[INFO ]2025-02-24 23:41:30.886[main]utilities.Constants1)-Admin will get confirm deletion popup
[INFO ]2025-02-24 23:41:33.806[main]utilities.Constants1)-Successful Program Deleted
[INFO ]2025-02-24 23:41:36.831[main]utilities.Constants1)-Admin can see confirmation disappears
[INFO ]2025-02-24 23:41:43.206[main]utilities.Constants1)-Programs Selected
[INFO ]2025-02-24 23:41:46.408[main]utilities.Constants1)-Admin lands on Confirmation Form
[INFO ]2025-02-24 23:41:53.016[main]utilities.Constants1)-Admin can see programs are still selected but not deleted
[INFO ]2025-02-24 23:41:56.734[main]utilities.Constants1)-Admin can see searched program name
[INFO ]2025-02-24 23:41:59.709[main]utilities.Constants1)-Admin can see searched program description
[INFO ]2025-02-24 23:42:02.949[main]utilities.Constants1)-Admin can see no results
[INFO ]2025-02-24 23:42:06.425[main]utilities.Constants1)-Admin can see searched program name
[INFO ]2025-02-24 23:42:09.404[main]utilities.Constants1)-Admin can see program name is sorted in ascending or descending order
[INFO ]2025-02-24 23:42:12.639[main]utilities.Constants1)-Admin can see program sedcription is sorted in ascending or descending order
[INFO ]2025-02-24 23:42:15.576[main]utilities.Constants1)-Admin can see program status in ascending order or descending order
[INFO ]2025-02-24 23:42:15.877[main]utilities.Constants1)-Admin is logged in
[INFO ]2025-02-24 23:42:27.201[main]utilities.Constants1)-Admin is logged in
[INFO ]2025-02-24 23:42:27.265[main]utilities.Constants1)-Admin clicks the Class Navigation bar in the Header
[INFO ]2025-02-24 23:42:27.588[main]utilities.Constants1)-Admin is logged in
[INFO ]2025-02-24 23:42:27.674[main]utilities.Constants1)-Admin clicks the Class Navigation bar in the Header
[INFO ]2025-02-24 23:42:27.898[main]utilities.Constants1)-Admin is logged in
[INFO ]2025-02-24 23:42:27.942[main]utilities.Constants1)-Admin clicks the Class Navigation bar in the Header
[INFO ]2025-02-24 23:42:28.090[main]utilities.Constants1)-Admin is logged in
[INFO ]2025-02-24 23:42:28.153[main]utilities.Constants1)-Admin clicks the Class Navigation bar in the Header
[INFO ]2025-02-24 23:42:28.376[main]utilities.Constants1)-Admin is logged in
[INFO ]2025-02-24 23:42:28.443[main]utilities.Constants1)-Admin clicks the Class Navigation bar in the Header
[INFO ]2025-02-24 23:42:28.804[main]utilities.Constants1)-Admin is logged in
[INFO ]2025-02-24 23:42:28.866[main]utilities.Constants1)-Admin clicks the Class Navigation bar in the Header
[INFO ]2025-02-24 23:42:29.371[main]utilities.Constants1)-Admin is logged in
[INFO ]2025-02-24 23:42:29.414[main]utilities.Constants1)-Admin clicks the Class Navigation bar in the Header
[INFO ]2025-02-24 23:42:29.599[main]utilities.Constants1)-Admin is logged in
[INFO ]2025-02-24 23:42:29.644[main]utilities.Constants1)-Admin clicks the Class Navigation bar in the Header
[INFO ]2025-02-24 23:42:29.792[main]utilities.Constants1)-Admin is logged in
[INFO ]2025-02-24 23:42:29.878[main]utilities.Constants1)-Admin clicks the Class Navigation bar in the Header
[INFO ]2025-02-24 23:42:30.070[main]utilities.Constants1)-AddNewClassSteps----Admin Is on the Manage class page after login in class module
[INFO ]2025-02-24 23:42:31.019[main]utilities.Constants1)-AddNewClassSteps----Admin Is on the Manage class page after login in class module
[INFO ]2025-02-24 23:43:44.554[main]utilities.Constants1)-Admin is logged in
[INFO ]2025-02-24 23:43:46.208[main]utilities.Constants1)-ClassPaginationSteps----------Admin is on Manage Class Page in class module
[INFO ]2025-02-24 23:43:48.515[main]utilities.Constants1)-Admin is logged in
[INFO ]2025-02-24 23:43:49.924[main]utilities.Constants1)-ClassPaginationSteps----------Admin is on Manage Class Page in class module
[INFO ]2025-02-24 23:43:51.215[main]utilities.Constants1)-Admin is logged in
[INFO ]2025-02-24 23:43:52.677[main]utilities.Constants1)-ClassPaginationSteps----------Admin is on Manage Class Page in class module
[INFO ]2025-02-24 23:43:53.951[main]utilities.Constants1)-Admin is logged in
[INFO ]2025-02-24 23:44:11.579[main]utilities.Constants1)-Admin is logged in
[INFO ]2025-02-24 23:44:42.251[main]utilities.Constants1)-Admin is logged in
[INFO ]2025-02-24 23:44:57.056[main]utilities.Constants1)-AddNewClassSteps----Admin Is on the Manage class page after login in class module
[INFO ]2025-02-24 23:44:57.681[main]utilities.Constants1)-AddNewClassSteps----Admin Is on the Manage class page after login in class module
[INFO ]2025-02-24 23:44:57.818[main]utilities.Constants1)-ClassSortingSteps---Admin clicks the sort icon of program name column
[INFO ]2025-02-24 23:44:57.887[main]utilities.Constants1)-ClassSortingSteps---The data get sorted on the table based on the program name column values in ascending order
[INFO ]2025-02-24 23:44:58.353[main]utilities.Constants1)-ClassSortingSteps---Admin clicks the sort icon of Class Topic column to sort Class Topic in descending order in the Class module
[INFO ]2025-02-24 23:44:58.415[main]utilities.Constants1)-ClassSortingSteps---The data get sorted on the table based on the Class Name column values in descending order in the Class module
[INFO ]2025-02-24 23:44:58.632[main]utilities.Constants1)-AddNewClassSteps----Admin Is on the Manage class page after login in class module
[INFO ]2025-02-24 23:44:58.785[main]utilities.Constants1)-ClassSortingSteps---Admin clicks the sort icon of Class Description column in the Class module
[INFO ]2025-02-24 23:44:58.861[main]utilities.Constants1)-ClassSortingSteps---The data get sorted on the table based on the Class Description column values in ascending order in the Class module
[INFO ]2025-02-24 23:44:59.101[main]utilities.Constants1)-ClassSortingSteps---Admin clicks the sort icon of Class Description column to sort Class Description in descending order in the Class module
[INFO ]2025-02-24 23:44:59.156[main]utilities.Constants1)-ClassSortingSteps---The data get sorted on the table based on the Class Description column values in descending order in the Class module
[INFO ]2025-02-24 23:44:59.361[main]utilities.Constants1)-AddNewClassSteps----Admin Is on the Manage class page after login in class module
[INFO ]2025-02-24 23:44:59.483[main]utilities.Constants1)-ClassSortingSteps---Admin clicks the sort icon of Class Status column in the Class module
[INFO ]2025-02-24 23:44:59.544[main]utilities.Constants1)-ClassSortingSteps---The data get sorted on the table based on the Class Status column values in ascending order in the Class module
[INFO ]2025-02-24 23:44:59.794[main]utilities.Constants1)-ClassSortingSteps---Admin clicks the sort icon of Class Status column to sort Class status in descending order in the Class module
[INFO ]2025-02-24 23:44:59.840[main]utilities.Constants1)-ClassSortingSteps---The data get sorted on the table based on the Class Status column values in descending order in the Class module
[INFO ]2025-02-24 23:45:00.106[main]utilities.Constants1)-AddNewClassSteps----Admin Is on the Manage class page after login in class module
[INFO ]2025-02-24 23:45:00.947[main]utilities.Constants1)-AddNewClassSteps----Admin Is on the Manage class page after login in class module
[INFO ]2025-02-24 23:45:01.409[main]utilities.Constants1)-AddNewClassSteps----Admin Is on the Manage class page after login in class module
[INFO ]2025-02-24 23:45:01.466[main]utilities.Constants1)-ClassPaginationSteps----------Admin is on Manage Class Page in class module
[INFO ]2025-02-24 23:45:01.879[main]utilities.Constants1)-AddNewClassSteps----Admin Is on the Manage class page after login in class module
[INFO ]2025-02-24 23:45:02.459[main]utilities.Constants1)-AddNewClassSteps----Admin Is on the Manage class page after login in class module
[INFO ]2025-02-24 23:45:03.191[main]utilities.Constants1)-AddNewClassSteps----Admin Is on the Manage class page after login in class module
[INFO ]2025-02-24 23:45:13.813[main]utilities.Constants1)-AddNewClassSteps----Admin Is on the Manage class page after login in class module
[INFO ]2025-02-24 23:45:13.947[main]utilities.Constants1)-AddNewClassSteps----Admin Is on the Manage class page after login in class module
[INFO ]2025-02-24 23:45:14.484[main]utilities.Constants1)-AddNewClassSteps----Admin Is on the Manage class page after login in class module
[INFO ]2025-02-24 23:45:15.503[main]utilities.Constants1)-Admin is logged in
[INFO ]2025-02-24 23:45:16.863[main]utilities.Constants1)-ClassPaginationSteps----------Admin is on Manage Class Page in class module
[INFO ]2025-02-24 23:45:17.333[main]utilities.Constants1)-Admin is logged in
[INFO ]2025-02-24 23:45:18.673[main]utilities.Constants1)-ClassPaginationSteps----------Admin is on Manage Class Page in class module
[INFO ]2025-02-24 23:45:19.066[main]utilities.Constants1)-Admin is logged in
[INFO ]2025-02-24 23:45:20.421[main]utilities.Constants1)-ClassPaginationSteps----------Admin is on Manage Class Page in class module
[INFO ]2025-02-24 23:45:20.749[main]utilities.Constants1)-Admin is logged in
[INFO ]2025-02-24 23:45:22.205[main]utilities.Constants1)-ClassPaginationSteps----------Admin is on Manage Class Page in class module
[INFO ]2025-02-24 23:45:32.580[main]utilities.Constants1)-ClassPaginationSteps----------Admin is on Manage Class Page in class module
[INFO ]2025-02-24 23:45:42.838[main]utilities.Constants1)-ClassPaginationSteps---Admin is on last page of Class table
[INFO ]2025-02-24 23:46:03.137[main]utilities.Constants1)-ClassPaginationSteps---Admin is on Previous Class page
[INFO ]2025-02-24 23:46:13.375[main]utilities.Constants1)-ClassNavigationSteps----Admin is in home page after login for class module
[INFO ]2025-02-24 23:46:13.602[main]utilities.Constants1)-ClassNavigationSteps----Admin clicks on Class link on Manage Class page
[INFO ]2025-02-24 23:46:13.710[main]utilities.Constants1)-ClassNavigationSteps----Admin is redirected to class page
[INFO ]2025-02-24 23:46:13.797[main]utilities.Constants1)-ClassNavigationSteps----Admin clicks on Program link on Manage Class page
[INFO ]2025-02-24 23:46:14.261[main]utilities.Constants1)-ClassNavigationSteps----Admin is redirected to Program page link they clicked.
[INFO ]2025-02-24 23:46:14.325[main]utilities.Constants1)-ClassNavigationSteps----Admin clicks on Logout link on Manage Class page
[INFO ]2025-02-24 23:46:14.857[main]utilities.Constants1)-ClassNavigationSteps----Check if Admin is redirected to Login page
